<?xml version="1.0" encoding="UTF-8"?>
<!-- Generated by org.testng.reporters.JUnitReportReporter -->
<testsuite hostname="DESKTOP-CUHVHGM" failures="0" tests="4" name="api.test.UserTests2" time="18.858" errors="0" timestamp="2023-10-24T16:57:06 MSK" skipped="0">
  <testcase classname="api.test.UserTests2" name="testPostUser" time="10.788"/>
  <testcase classname="api.test.UserTests2" name="testGetUserByName" time="2.456"/>
  <testcase classname="api.test.UserTests2" name="testUpdateUserByName" time="3.653"/>
  <testcase classname="api.test.UserTests2" name="testDeleteUserByName" time="1.961"/>
</testsuite> <!-- api.test.UserTests2 -->
