<?xml version="1.0" encoding="UTF-8"?>
<!-- Generated by org.testng.reporters.JUnitReportReporter -->
<testsuite hostname="DESKTOP-CUHVHGM" failures="0" tests="6" name="api.test.DDTests" time="17.884" errors="0" timestamp="2023-10-19T17:15:02 MSK" skipped="0">
  <testcase classname="api.test.DDTests" name="testPostUser" time="1.283"/>
  <testcase classname="api.test.DDTests" name="testPostUser" time="2.209"/>
  <testcase classname="api.test.DDTests" name="testPostUser" time="9.921"/>
  <testcase classname="api.test.DDTests" name="testDeleteUserByName" time="1.483"/>
  <testcase classname="api.test.DDTests" name="testDeleteUserByName" time="1.265"/>
  <testcase classname="api.test.DDTests" name="testDeleteUserByName" time="1.723"/>
</testsuite> <!-- api.test.DDTests -->
